118 : 2022-05-10 22:55:55,799 : INFO : telemetry.main : Attempt start. Configuration directory [/home/cristian/.azure].
118 : 2022-05-10 22:55:55,800 : INFO : telemetry.check : Positive: The /home/cristian/.azure/telemetry.txt does not exist.
118 : 2022-05-10 22:55:55,800 : DEBUG : telemetry.note : acquiring lock
118 : 2022-05-10 22:55:55,800 : DEBUG : telemetry.note : acquired lock
118 : 2022-05-10 22:55:55,800 : INFO : telemetry.note : Update the note mtime to 2022-05-10 22:55:55.800680
118 : 2022-05-10 22:55:55,800 : WARNING : telemetry.note : Fail to parse or read the timestamp 'N/A' in the note file. Set the last send time to minimal. Reason: not readable
118 : 2022-05-10 22:55:55,800 : INFO : telemetry.records : No cache to be uploaded.
118 : 2022-05-10 22:55:55,801 : INFO : telemetry.client : Accumulated 0 events. Flush the clients.
118 : 2022-05-10 22:55:55,801 : INFO : telemetry.note : Update the last send in note to 0001-01-01 00:00:00
118 : 2022-05-10 22:55:55,801 : INFO : telemetry.note : Update the note mtime to 2022-05-10 22:55:55.801282
109 : 2022-05-11 21:01:37,674 : INFO : telemetry.main : Attempt start. Configuration directory [/home/cristian/.azure].
109 : 2022-05-11 21:01:37,678 : INFO : telemetry.check : Returns Positive.
109 : 2022-05-11 21:01:37,678 : DEBUG : telemetry.note : acquiring lock
109 : 2022-05-11 21:01:37,678 : DEBUG : telemetry.note : acquired lock
109 : 2022-05-11 21:01:37,678 : INFO : telemetry.note : Update the note mtime to 2022-05-11 21:01:37.678839
109 : 2022-05-11 21:01:37,685 : WARNING : telemetry.note : Fail to parse or read the timestamp '1-01-01T00:00:00' in the note file. Set the last send time to minimal. Reason: time data '1-01-01T00:00:00' does not match format '%Y-%m-%dT%H:%M:%S'
109 : 2022-05-11 21:01:37,686 : INFO : telemetry.records : No cache to be uploaded.
109 : 2022-05-11 21:01:37,686 : INFO : telemetry.client : Accumulated 0 events. Flush the clients.
109 : 2022-05-11 21:01:37,686 : INFO : telemetry.note : Update the last send in note to 0001-01-01 00:00:00
109 : 2022-05-11 21:01:37,686 : INFO : telemetry.note : Update the note mtime to 2022-05-11 21:01:37.686463
287 : 2022-05-11 22:22:17,709 : INFO : telemetry.main : Attempt start. Configuration directory [/home/cristian/.azure].
287 : 2022-05-11 22:22:17,710 : INFO : telemetry.check : Returns Positive.
287 : 2022-05-11 22:22:17,710 : DEBUG : telemetry.note : acquiring lock
287 : 2022-05-11 22:22:17,714 : DEBUG : telemetry.note : acquired lock
287 : 2022-05-11 22:22:17,715 : INFO : telemetry.note : Update the note mtime to 2022-05-11 22:22:17.715045
287 : 2022-05-11 22:22:17,717 : WARNING : telemetry.note : Fail to parse or read the timestamp '1-01-01T00:00:00' in the note file. Set the last send time to minimal. Reason: time data '1-01-01T00:00:00' does not match format '%Y-%m-%dT%H:%M:%S'
287 : 2022-05-11 22:22:17,717 : INFO : telemetry.records : No cache to be uploaded.
287 : 2022-05-11 22:22:17,717 : INFO : telemetry.client : Accumulated 0 events. Flush the clients.
287 : 2022-05-11 22:22:17,717 : INFO : telemetry.note : Update the last send in note to 0001-01-01 00:00:00
287 : 2022-05-11 22:22:17,718 : INFO : telemetry.note : Update the note mtime to 2022-05-11 22:22:17.718047
370 : 2022-05-11 22:34:59,195 : INFO : telemetry.main : Attempt start. Configuration directory [/home/cristian/.azure].
370 : 2022-05-11 22:34:59,195 : INFO : telemetry.check : Returns Positive.
370 : 2022-05-11 22:34:59,195 : DEBUG : telemetry.note : acquiring lock
370 : 2022-05-11 22:34:59,195 : DEBUG : telemetry.note : acquired lock
370 : 2022-05-11 22:34:59,195 : INFO : telemetry.note : Update the note mtime to 2022-05-11 22:34:59.195543
370 : 2022-05-11 22:34:59,196 : WARNING : telemetry.note : Fail to parse or read the timestamp '1-01-01T00:00:00' in the note file. Set the last send time to minimal. Reason: time data '1-01-01T00:00:00' does not match format '%Y-%m-%dT%H:%M:%S'
370 : 2022-05-11 22:34:59,197 : INFO : telemetry.records : No cache to be uploaded.
370 : 2022-05-11 22:34:59,197 : INFO : telemetry.client : Accumulated 0 events. Flush the clients.
370 : 2022-05-11 22:34:59,197 : INFO : telemetry.note : Update the last send in note to 0001-01-01 00:00:00
370 : 2022-05-11 22:34:59,197 : INFO : telemetry.note : Update the note mtime to 2022-05-11 22:34:59.197361
560 : 2022-05-11 23:45:38,001 : INFO : telemetry.main : Attempt start. Configuration directory [/home/cristian/.azure].
560 : 2022-05-11 23:45:38,002 : INFO : telemetry.check : Returns Positive.
560 : 2022-05-11 23:45:38,002 : DEBUG : telemetry.note : acquiring lock
560 : 2022-05-11 23:45:38,011 : DEBUG : telemetry.note : acquired lock
560 : 2022-05-11 23:45:38,011 : INFO : telemetry.note : Update the note mtime to 2022-05-11 23:45:38.011151
560 : 2022-05-11 23:45:38,013 : WARNING : telemetry.note : Fail to parse or read the timestamp '1-01-01T00:00:00' in the note file. Set the last send time to minimal. Reason: time data '1-01-01T00:00:00' does not match format '%Y-%m-%dT%H:%M:%S'
560 : 2022-05-11 23:45:38,013 : INFO : telemetry.records : No cache to be uploaded.
560 : 2022-05-11 23:45:38,013 : INFO : telemetry.client : Accumulated 0 events. Flush the clients.
560 : 2022-05-11 23:45:38,014 : INFO : telemetry.note : Update the last send in note to 0001-01-01 00:00:00
560 : 2022-05-11 23:45:38,014 : INFO : telemetry.note : Update the note mtime to 2022-05-11 23:45:38.014127
655 : 2022-05-12 00:03:11,273 : INFO : telemetry.main : Attempt start. Configuration directory [/home/cristian/.azure].
655 : 2022-05-12 00:03:11,273 : INFO : telemetry.check : Returns Positive.
655 : 2022-05-12 00:03:11,274 : DEBUG : telemetry.note : acquiring lock
655 : 2022-05-12 00:03:11,274 : DEBUG : telemetry.note : acquired lock
655 : 2022-05-12 00:03:11,274 : INFO : telemetry.note : Update the note mtime to 2022-05-12 00:03:11.274224
655 : 2022-05-12 00:03:11,275 : WARNING : telemetry.note : Fail to parse or read the timestamp '1-01-01T00:00:00' in the note file. Set the last send time to minimal. Reason: time data '1-01-01T00:00:00' does not match format '%Y-%m-%dT%H:%M:%S'
655 : 2022-05-12 00:03:11,275 : INFO : telemetry.records : No cache to be uploaded.
655 : 2022-05-12 00:03:11,275 : INFO : telemetry.client : Accumulated 0 events. Flush the clients.
655 : 2022-05-12 00:03:11,275 : INFO : telemetry.note : Update the last send in note to 0001-01-01 00:00:00
655 : 2022-05-12 00:03:11,276 : INFO : telemetry.note : Update the note mtime to 2022-05-12 00:03:11.276036
108 : 2022-05-12 01:07:37,651 : INFO : telemetry.main : Attempt start. Configuration directory [/home/cristian/.azure].
108 : 2022-05-12 01:07:37,655 : INFO : telemetry.check : Returns Positive.
108 : 2022-05-12 01:07:37,655 : DEBUG : telemetry.note : acquiring lock
108 : 2022-05-12 01:07:37,655 : DEBUG : telemetry.note : acquired lock
108 : 2022-05-12 01:07:37,656 : INFO : telemetry.note : Update the note mtime to 2022-05-12 01:07:37.656045
108 : 2022-05-12 01:07:37,662 : WARNING : telemetry.note : Fail to parse or read the timestamp '1-01-01T00:00:00' in the note file. Set the last send time to minimal. Reason: time data '1-01-01T00:00:00' does not match format '%Y-%m-%dT%H:%M:%S'
108 : 2022-05-12 01:07:37,662 : INFO : telemetry.records : No cache to be uploaded.
108 : 2022-05-12 01:07:37,662 : INFO : telemetry.client : Accumulated 0 events. Flush the clients.
108 : 2022-05-12 01:07:37,662 : INFO : telemetry.note : Update the last send in note to 0001-01-01 00:00:00
108 : 2022-05-12 01:07:37,663 : INFO : telemetry.note : Update the note mtime to 2022-05-12 01:07:37.663001
112 : 2022-05-12 21:11:19,265 : INFO : telemetry.main : Attempt start. Configuration directory [/home/cristian/.azure].
112 : 2022-05-12 21:11:19,269 : INFO : telemetry.check : Returns Positive.
112 : 2022-05-12 21:11:19,269 : DEBUG : telemetry.note : acquiring lock
112 : 2022-05-12 21:11:19,269 : DEBUG : telemetry.note : acquired lock
112 : 2022-05-12 21:11:19,269 : INFO : telemetry.note : Update the note mtime to 2022-05-12 21:11:19.269935
112 : 2022-05-12 21:11:19,287 : WARNING : telemetry.note : Fail to parse or read the timestamp '1-01-01T00:00:00' in the note file. Set the last send time to minimal. Reason: time data '1-01-01T00:00:00' does not match format '%Y-%m-%dT%H:%M:%S'
112 : 2022-05-12 21:11:19,287 : INFO : telemetry.records : No cache to be uploaded.
112 : 2022-05-12 21:11:19,287 : INFO : telemetry.client : Accumulated 0 events. Flush the clients.
112 : 2022-05-12 21:11:19,287 : INFO : telemetry.note : Update the last send in note to 0001-01-01 00:00:00
112 : 2022-05-12 21:11:19,287 : INFO : telemetry.note : Update the note mtime to 2022-05-12 21:11:19.287705
108 : 2022-05-13 20:39:19,472 : INFO : telemetry.main : Attempt start. Configuration directory [/home/cristian/.azure].
108 : 2022-05-13 20:39:19,477 : INFO : telemetry.check : Returns Positive.
108 : 2022-05-13 20:39:19,477 : DEBUG : telemetry.note : acquiring lock
108 : 2022-05-13 20:39:19,477 : DEBUG : telemetry.note : acquired lock
108 : 2022-05-13 20:39:19,477 : INFO : telemetry.note : Update the note mtime to 2022-05-13 20:39:19.477622
108 : 2022-05-13 20:39:19,508 : WARNING : telemetry.note : Fail to parse or read the timestamp '1-01-01T00:00:00' in the note file. Set the last send time to minimal. Reason: time data '1-01-01T00:00:00' does not match format '%Y-%m-%dT%H:%M:%S'
108 : 2022-05-13 20:39:19,508 : INFO : telemetry.records : No cache to be uploaded.
108 : 2022-05-13 20:39:19,508 : INFO : telemetry.client : Accumulated 0 events. Flush the clients.
108 : 2022-05-13 20:39:19,508 : INFO : telemetry.note : Update the last send in note to 0001-01-01 00:00:00
108 : 2022-05-13 20:39:19,509 : INFO : telemetry.note : Update the note mtime to 2022-05-13 20:39:19.509035
